<?xml version="1.0" encoding="UTF-8"?>
<testsuite name="com.netflix.zuul.filters.common.GZipResponseFilter$TestUnit" tests="3" skipped="0" failures="0" errors="0" timestamp="2019-05-12T11:54:55" hostname="192.168.0.101" time="0.13">
  <properties/>
  <testcase name="prepareChunkedEncodedResponseBody_NeedsGZipping" classname="com.netflix.zuul.filters.common.GZipResponseFilter$TestUnit" time="0.058"/>
  <testcase name="prepareResponseBody_NeedsGZipping" classname="com.netflix.zuul.filters.common.GZipResponseFilter$TestUnit" time="0.067"/>
  <testcase name="prepareResponseBody_NeedsGZipping_butTooSmall" classname="com.netflix.zuul.filters.common.GZipResponseFilter$TestUnit" time="0.002"/>
  <system-out><![CDATA[]]></system-out>
  <system-err><![CDATA[]]></system-err>
</testsuite>
