<?xml version="1.0" encoding="UTF-8"?>
<testsuite name="com.netflix.zuul.message.http.HttpResponseMessageImpl$UnitTest" tests="2" skipped="0" failures="0" errors="0" timestamp="2019-05-12T11:54:59" hostname="192.168.0.101" time="0.032">
  <properties/>
  <testcase name="testRemoveExistingSetCookie" classname="com.netflix.zuul.message.http.HttpResponseMessageImpl$UnitTest" time="0.031"/>
  <testcase name="testHasSetCookieWithName" classname="com.netflix.zuul.message.http.HttpResponseMessageImpl$UnitTest" time="0.0"/>
  <system-out><![CDATA[]]></system-out>
  <system-err><![CDATA[]]></system-err>
</testsuite>
