<?xml version="1.0" encoding="UTF-8"?>
<testsuite name="com.netflix.zuul.stats.ErrorStatsManager$UnitTest" tests="2" skipped="0" failures="0" errors="0" timestamp="2019-05-12T11:55:06" hostname="192.168.0.101" time="0.006">
  <properties/>
  <testcase name="testPutStats" classname="com.netflix.zuul.stats.ErrorStatsManager$UnitTest" time="0.005"/>
  <testcase name="testGetStats" classname="com.netflix.zuul.stats.ErrorStatsManager$UnitTest" time="0.0"/>
  <system-out><![CDATA[]]></system-out>
  <system-err><![CDATA[]]></system-err>
</testsuite>
