<?xml version="1.0" encoding="UTF-8"?>
<testsuite name="com.netflix.zuul.message.Headers$UnitTest" tests="4" skipped="0" failures="0" errors="0" timestamp="2019-05-12T11:54:59" hostname="192.168.0.101" time="0.002">
  <properties/>
  <testcase name="testCaseInsensitiveKeys_SetIfAbsent" classname="com.netflix.zuul.message.Headers$UnitTest" time="0.001"/>
  <testcase name="testCaseInsensitiveKeys_Add" classname="com.netflix.zuul.message.Headers$UnitTest" time="0.0"/>
  <testcase name="testCaseInsensitiveKeys_Set" classname="com.netflix.zuul.message.Headers$UnitTest" time="0.0"/>
  <testcase name="testCaseInsensitiveKeys_PutAll" classname="com.netflix.zuul.message.Headers$UnitTest" time="0.0"/>
  <system-out><![CDATA[]]></system-out>
  <system-err><![CDATA[]]></system-err>
</testsuite>
