<?xml version="1.0" encoding="UTF-8"?>
<testsuite name="com.netflix.zuul.passport.CurrentPassportTest" tests="6" skipped="0" failures="0" errors="0" timestamp="2019-05-12T11:54:59" hostname="192.168.0.101" time="0.012">
  <properties/>
  <testcase name="test_findEachPairOf_wrongOrder" classname="com.netflix.zuul.passport.CurrentPassportTest" time="0.008"/>
  <testcase name="test_findEachPairOf_1pair" classname="com.netflix.zuul.passport.CurrentPassportTest" time="0.001"/>
  <testcase name="testFindBackwards" classname="com.netflix.zuul.passport.CurrentPassportTest" time="0.001"/>
  <testcase name="test_findEachPairOf_noneFound" classname="com.netflix.zuul.passport.CurrentPassportTest" time="0.001"/>
  <testcase name="test_findEachPairOf_2pairs" classname="com.netflix.zuul.passport.CurrentPassportTest" time="0.0"/>
  <testcase name="test_findEachPairOf_endButNoStart" classname="com.netflix.zuul.passport.CurrentPassportTest" time="0.001"/>
  <system-out><![CDATA[]]></system-out>
  <system-err><![CDATA[]]></system-err>
</testsuite>
