<?xml version="1.0" encoding="UTF-8"?>
<testsuite name="com.netflix.zuul.groovy.GroovyCompiler$UnitTest" tests="1" skipped="0" failures="0" errors="0" timestamp="2019-05-12T11:54:59" hostname="192.168.0.101" time="0.502">
  <properties/>
  <testcase name="testLoadGroovyFromString" classname="com.netflix.zuul.groovy.GroovyCompiler$UnitTest" time="0.502"/>
  <system-out><![CDATA[]]></system-out>
  <system-err><![CDATA[]]></system-err>
</testsuite>
