<?xml version="1.0" encoding="UTF-8"?>
<testsuite name="com.netflix.zuul.init.ZuulFiltersModuleIntegTest" tests="1" skipped="0" failures="0" errors="0" timestamp="2019-05-12T11:54:57" hostname="192.168.0.101" time="0.001">
  <properties/>
  <testcase name="scanningWorks" classname="com.netflix.zuul.init.ZuulFiltersModuleIntegTest" time="0.001"/>
  <system-out><![CDATA[]]></system-out>
  <system-err><![CDATA[]]></system-err>
</testsuite>
