<?xml version="1.0" encoding="UTF-8"?>
<testsuite name="com.netflix.zuul.util.HttpUtils$UnitTest" tests="4" skipped="0" failures="0" errors="0" timestamp="2019-05-12T11:54:57" hostname="192.168.0.101" time="0.0">
  <properties/>
  <testcase name="detectsGzipAmongOtherEncodings" classname="com.netflix.zuul.util.HttpUtils$UnitTest" time="0.0"/>
  <testcase name="detectsNonGzip" classname="com.netflix.zuul.util.HttpUtils$UnitTest" time="0.0"/>
  <testcase name="detectsGzip" classname="com.netflix.zuul.util.HttpUtils$UnitTest" time="0.0"/>
  <testcase name="stripMaliciousHeaderChars" classname="com.netflix.zuul.util.HttpUtils$UnitTest" time="0.0"/>
  <system-out><![CDATA[]]></system-out>
  <system-err><![CDATA[]]></system-err>
</testsuite>
