<?xml version="1.0" encoding="UTF-8"?>
<testsuite name="com.netflix.zuul.FilterFileManager$UnitTest" tests="1" skipped="0" failures="0" errors="0" timestamp="2019-05-12T11:54:59" hostname="192.168.0.101" time="0.01">
  <properties/>
  <testcase name="testFileManagerInit" classname="com.netflix.zuul.FilterFileManager$UnitTest" time="0.01"/>
  <system-out><![CDATA[]]></system-out>
  <system-err><![CDATA[]]></system-err>
</testsuite>
