<?xml version="1.0" encoding="UTF-8"?>
<testsuite name="com.netflix.zuul.com.netflix.zuul.netty.server.push.PushConnectionTest" tests="5" skipped="0" failures="0" errors="0" timestamp="2019-05-12T11:54:59" hostname="192.168.0.101" time="7.025">
  <properties/>
  <testcase name="testOneMessagePerSecond" classname="com.netflix.zuul.com.netflix.zuul.netty.server.push.PushConnectionTest" time="5.019"/>
  <testcase name="testMessagesInBatches" classname="com.netflix.zuul.com.netflix.zuul.netty.server.push.PushConnectionTest" time="2.005"/>
  <testcase name="testThreeMessagesInSuccession" classname="com.netflix.zuul.com.netflix.zuul.netty.server.push.PushConnectionTest" time="0.0"/>
  <testcase name="testFourMessagesInSuccession" classname="com.netflix.zuul.com.netflix.zuul.netty.server.push.PushConnectionTest" time="0.0"/>
  <testcase name="testFirstThreeMessagesSuccess" classname="com.netflix.zuul.com.netflix.zuul.netty.server.push.PushConnectionTest" time="0.0"/>
  <system-out><![CDATA[]]></system-out>
  <system-err><![CDATA[]]></system-err>
</testsuite>
