<?xml version="1.0" encoding="UTF-8"?>
<testsuite name="com.netflix.zuul.util.ProxyUtils$TestUnit" tests="1" skipped="0" failures="0" errors="0" timestamp="2019-05-12T11:54:58" hostname="192.168.0.101" time="0.001">
  <properties/>
  <testcase name="testIsValidResponseHeader" classname="com.netflix.zuul.util.ProxyUtils$TestUnit" time="0.001"/>
  <system-out><![CDATA[]]></system-out>
  <system-err><![CDATA[]]></system-err>
</testsuite>
